{
  "id": 277432925,
  "node_id": "MDEwOlJlcG9zaXRvcnkyNzc0MzI5MjU=",
  "name": "pu-central",
  "full_name": "SantiagoBonilla/pu-central",
  "private": false,
  "owner": {
    "login": "SantiagoBonilla",
    "id": 5721751,
    "node_id": "MDQ6VXNlcjU3MjE3NTE=",
    "avatar_url": "https://avatars1.githubusercontent.com/u/5721751?v=4",
    "gravatar_id": "",
    "url": "https://api.github.com/users/SantiagoBonilla",
    "html_url": "https://github.com/SantiagoBonilla",
    "followers_url": "https://api.github.com/users/SantiagoBonilla/followers",
    "following_url": "https://api.github.com/users/SantiagoBonilla/following{/other_user}",
    "gists_url": "https://api.github.com/users/SantiagoBonilla/gists{/gist_id}",
    "starred_url": "https://api.github.com/users/SantiagoBonilla/starred{/owner}{/repo}",
    "subscriptions_url": "https://api.github.com/users/SantiagoBonilla/subscriptions",
    "organizations_url": "https://api.github.com/users/SantiagoBonilla/orgs",
    "repos_url": "https://api.github.com/users/SantiagoBonilla/repos",
    "events_url": "https://api.github.com/users/SantiagoBonilla/events{/privacy}",
    "received_events_url": "https://api.github.com/users/SantiagoBonilla/received_events",
    "type": "User",
    "site_admin": false
  },
  "html_url": "https://github.com/SantiagoBonilla/pu-central",
  "description": null,
  "fork": false,
  "url": "https://api.github.com/repos/SantiagoBonilla/pu-central",
  "forks_url": "https://api.github.com/repos/SantiagoBonilla/pu-central/forks",
  "keys_url": "https://api.github.com/repos/SantiagoBonilla/pu-central/keys{/key_id}",
  "collaborators_url": "https://api.github.com/repos/SantiagoBonilla/pu-central/collaborators{/collaborator}",
  "teams_url": "https://api.github.com/repos/SantiagoBonilla/pu-central/teams",
  "hooks_url": "https://api.github.com/repos/SantiagoBonilla/pu-central/hooks",
  "issue_events_url": "https://api.github.com/repos/SantiagoBonilla/pu-central/issues/events{/number}",
  "events_url": "https://api.github.com/repos/SantiagoBonilla/pu-central/events",
  "assignees_url": "https://api.github.com/repos/SantiagoBonilla/pu-central/assignees{/user}",
  "branches_url": "https://api.github.com/repos/SantiagoBonilla/pu-central/branches{/branch}",
  "tags_url": "https://api.github.com/repos/SantiagoBonilla/pu-central/tags",
  "blobs_url": "https://api.github.com/repos/SantiagoBonilla/pu-central/git/blobs{/sha}",
  "git_tags_url": "https://api.github.com/repos/SantiagoBonilla/pu-central/git/tags{/sha}",
  "git_refs_url": "https://api.github.com/repos/SantiagoBonilla/pu-central/git/refs{/sha}",
  "trees_url": "https://api.github.com/repos/SantiagoBonilla/pu-central/git/trees{/sha}",
  "statuses_url": "https://api.github.com/repos/SantiagoBonilla/pu-central/statuses/{sha}",
  "languages_url": "https://api.github.com/repos/SantiagoBonilla/pu-central/languages",
  "stargazers_url": "https://api.github.com/repos/SantiagoBonilla/pu-central/stargazers",
  "contributors_url": "https://api.github.com/repos/SantiagoBonilla/pu-central/contributors",
  "subscribers_url": "https://api.github.com/repos/SantiagoBonilla/pu-central/subscribers",
  "subscription_url": "https://api.github.com/repos/SantiagoBonilla/pu-central/subscription",
  "commits_url": "https://api.github.com/repos/SantiagoBonilla/pu-central/commits{/sha}",
  "git_commits_url": "https://api.github.com/repos/SantiagoBonilla/pu-central/git/commits{/sha}",
  "comments_url": "https://api.github.com/repos/SantiagoBonilla/pu-central/comments{/number}",
  "issue_comment_url": "https://api.github.com/repos/SantiagoBonilla/pu-central/issues/comments{/number}",
  "contents_url": "https://api.github.com/repos/SantiagoBonilla/pu-central/contents/{+path}",
  "compare_url": "https://api.github.com/repos/SantiagoBonilla/pu-central/compare/{base}...{head}",
  "merges_url": "https://api.github.com/repos/SantiagoBonilla/pu-central/merges",
  "archive_url": "https://api.github.com/repos/SantiagoBonilla/pu-central/{archive_format}{/ref}",
  "downloads_url": "https://api.github.com/repos/SantiagoBonilla/pu-central/downloads",
  "issues_url": "https://api.github.com/repos/SantiagoBonilla/pu-central/issues{/number}",
  "pulls_url": "https://api.github.com/repos/SantiagoBonilla/pu-central/pulls{/number}",
  "milestones_url": "https://api.github.com/repos/SantiagoBonilla/pu-central/milestones{/number}",
  "notifications_url": "https://api.github.com/repos/SantiagoBonilla/pu-central/notifications{?since,all,participating}",
  "labels_url": "https://api.github.com/repos/SantiagoBonilla/pu-central/labels{/name}",
  "releases_url": "https://api.github.com/repos/SantiagoBonilla/pu-central/releases{/id}",
  "deployments_url": "https://api.github.com/repos/SantiagoBonilla/pu-central/deployments",
  "created_at": "2020-07-06T03:24:40Z",
  "updated_at": "2020-07-06T03:24:40Z",
  "pushed_at": "2020-07-06T03:24:41Z",
  "git_url": "git://github.com/SantiagoBonilla/pu-central.git",
  "ssh_url": "git@github.com:SantiagoBonilla/pu-central.git",
  "clone_url": "https://github.com/SantiagoBonilla/pu-central.git",
  "svn_url": "https://github.com/SantiagoBonilla/pu-central",
  "homepage": null,
  "size": 0,
  "stargazers_count": 0,
  "watchers_count": 0,
  "language": null,
  "has_issues": true,
  "has_projects": true,
  "has_downloads": true,
  "has_wiki": true,
  "has_pages": false,
  "forks_count": 0,
  "mirror_url": null,
  "archived": false,
  "disabled": false,
  "open_issues_count": 0,
  "license": null,
  "forks": 0,
  "open_issues": 0,
  "watchers": 0,
  "default_branch": "master",
  "permissions": {
    "admin": true,
    "push": true,
    "pull": true
  },
  "allow_squash_merge": true,
  "allow_merge_commit": true,
  "allow_rebase_merge": true,
  "delete_branch_on_merge": false,
  "network_count": 0,
  "subscribers_count": 1
}
